<?xml version="1.0" encoding="UTF-8"?>
<!-- Generated by org.testng.reporters.JUnitReportReporter -->
<testsuite hostname="AsRock" failures="0" tests="3" name="com.testng.interview.practice.SmokeTetWithTestNG" time="0.002" errors="0" timestamp="2022-12-17T12:14:22 EST" skipped="1">
  <testcase classname="com.testng.interview.practice.SmokeTetWithTestNG" name="test1" time="0.001"/>
  <system-out/>
  <testcase classname="com.testng.interview.practice.SmokeTetWithTestNG" name="test2" time="0.001"/>
  <system-out/>
  <testcase classname="com.testng.interview.practice.SmokeTetWithTestNG" name="test3">
    <skipped/>
  </testcase> <!-- test3 -->
  <system-out/>
</testsuite> <!-- com.testng.interview.practice.SmokeTetWithTestNG -->
