<?xml version="1.0" encoding="UTF-8"?>
<!-- Generated by org.testng.reporters.JUnitReportReporter -->
<testsuite hostname="AsRock" failures="0" tests="1" name="com.cucumber.test.finalCucumber" time="13.179" errors="0" timestamp="2022-12-11T14:44:07 EST" skipped="0">
  <testcase classname="com.cucumber.test.finalCucumber" name="runScenario" time="13.179"/>
  <system-out/>
</testsuite> <!-- com.cucumber.test.finalCucumber -->
