<?xml version="1.0" encoding="UTF-8"?>
<!-- Generated by org.testng.reporters.JUnitReportReporter -->
<testsuite hostname="AsRock" failures="0" tests="1" name="com.generic.GoogleWithTestng" time="0.001" errors="0" timestamp="2022-12-29T14:15:28 EST" skipped="0">
  <testcase classname="com.generic.GoogleWithTestng" name="loginTest" time="0.001"/>
  <system-out/>
</testsuite> <!-- com.generic.GoogleWithTestng -->
