<?xml version="1.0" encoding="UTF-8"?>
<!-- Generated by org.testng.reporters.JUnitReportReporter -->
<testsuite hostname="AsRock" failures="0" tests="1" name="com.cucumber.test.CucumberRunner" time="15.154" errors="0" timestamp="2022-12-29T14:10:02 EST" skipped="0">
  <testcase classname="com.cucumber.test.CucumberRunner" name="runScenario" time="15.154"/>
  <system-out/>
</testsuite> <!-- com.cucumber.test.CucumberRunner -->
