<?xml version="1.0" encoding="UTF-8"?>
<!-- Generated by org.testng.reporters.JUnitReportReporter -->
<testsuite hostname="AsRock" failures="0" tests="1" name="com.cucumber.test.FinalCucumber" time="15.677" errors="0" timestamp="2023-01-19T15:13:08 EST" skipped="0">
  <testcase classname="com.cucumber.test.FinalCucumber" name="runScenario" time="15.677"/>
  <system-out/>
</testsuite> <!-- com.cucumber.test.FinalCucumber -->
