<?xml version="1.0" encoding="UTF-8"?>
<!-- Generated by org.testng.reporters.JUnitReportReporter -->
<testsuite hostname="AsRock" failures="0" tests="1" name="com.cucumber.test.FinalCucumber" time="12.671" errors="0" timestamp="2022-12-15T14:18:43 EST" skipped="0">
  <testcase classname="com.cucumber.test.FinalCucumber" name="runScenario" time="12.671"/>
  <system-out/>
</testsuite> <!-- com.cucumber.test.FinalCucumber -->
